<?xml version='1.0' encoding='UTF-8' ?>
<testsuite name="org.transdroid.daemon.util.SocketFactoryTest" tests="2" failures="0" errors="0" skipped="0" time="0.114" timestamp="2015-12-25T23:14:09" hostname="localhost">
  <properties>
    <property name="device" value="test(AVD) - 4.4.4" />
    <property name="flavor" value="" />
    <property name="project" value="Transdroid" />
  </properties>
  <testcase name="testAndroidTestCaseSetupProperly" classname="org.transdroid.daemon.util.SocketFactoryTest" time="0.025" />
  <testcase name="testDummy" classname="org.transdroid.daemon.util.SocketFactoryTest" time="0.025" />
</testsuite>